<?xml version="1.0" encoding="UTF-8"?>
<testng-results ignored="0" total="6" passed="6" failed="0" skipped="0">
  <reporter-output>
  </reporter-output>
  <suite started-at="2024-04-25T23:40:12 IST" name="Suite" finished-at="2024-04-25T23:41:04 IST" duration-ms="51740">
    <groups>
    </groups>
    <test started-at="2024-04-25T23:40:12 IST" name="Test" finished-at="2024-04-25T23:41:04 IST" duration-ms="51740">
      <class name="TestCases.LoginPageTest">
        <test-method is-config="true" signature="openURL()[pri:0, instance:TestCases.LoginPageTest@54afd745]" started-at="2024-04-25T23:40:32 IST" name="openURL" finished-at="2024-04-25T23:40:33 IST" duration-ms="1237" status="PASS">
          <reporter-output>
          </reporter-output>
        </test-method> <!-- openURL -->
        <test-method signature="verifySignUpLoginLink()[pri:1, instance:TestCases.LoginPageTest@54afd745]" started-at="2024-04-25T23:40:33 IST" name="verifySignUpLoginLink" finished-at="2024-04-25T23:40:36 IST" duration-ms="3093" status="PASS">
          <reporter-output>
          </reporter-output>
        </test-method> <!-- verifySignUpLoginLink -->
        <test-method signature="verifyLoginButton()[pri:2, instance:TestCases.LoginPageTest@54afd745]" started-at="2024-04-25T23:40:36 IST" name="verifyLoginButton" finished-at="2024-04-25T23:40:42 IST" duration-ms="5314" status="PASS">
          <reporter-output>
          </reporter-output>
        </test-method> <!-- verifyLoginButton -->
        <test-method signature="verifyLogin()[pri:3, instance:TestCases.LoginPageTest@54afd745]" started-at="2024-04-25T23:40:42 IST" name="verifyLogin" finished-at="2024-04-25T23:40:47 IST" duration-ms="5574" status="PASS">
          <reporter-output>
          </reporter-output>
        </test-method> <!-- verifyLogin -->
        <test-method is-config="true" signature="closeBrowser()[pri:0, instance:TestCases.LoginPageTest@54afd745]" started-at="2024-04-25T23:40:47 IST" name="closeBrowser" finished-at="2024-04-25T23:40:48 IST" duration-ms="588" status="PASS">
          <reporter-output>
          </reporter-output>
        </test-method> <!-- closeBrowser -->
      </class> <!-- TestCases.LoginPageTest -->
      <class name="TestCases.SignUpPageTest">
        <test-method is-config="true" signature="openURL()[pri:0, instance:TestCases.SignUpPageTest@2cab9998]" started-at="2024-04-25T23:40:12 IST" name="openURL" finished-at="2024-04-25T23:40:14 IST" duration-ms="1767" status="PASS">
          <reporter-output>
          </reporter-output>
        </test-method> <!-- openURL -->
        <test-method signature="verifyButtonPresent()[pri:1, instance:TestCases.SignUpPageTest@2cab9998]" started-at="2024-04-25T23:40:14 IST" name="verifyButtonPresent" finished-at="2024-04-25T23:40:18 IST" duration-ms="4251" status="PASS">
          <reporter-output>
          </reporter-output>
        </test-method> <!-- verifyButtonPresent -->
        <test-method signature="verifySignUp()[pri:2, instance:TestCases.SignUpPageTest@2cab9998]" started-at="2024-04-25T23:40:18 IST" name="verifySignUp" finished-at="2024-04-25T23:40:26 IST" duration-ms="7424" status="PASS">
          <reporter-output>
          </reporter-output>
        </test-method> <!-- verifySignUp -->
        <test-method is-config="true" signature="closeBrowser()[pri:0, instance:TestCases.SignUpPageTest@2cab9998]" started-at="2024-04-25T23:40:26 IST" name="closeBrowser" finished-at="2024-04-25T23:40:32 IST" duration-ms="6245" status="PASS">
          <reporter-output>
          </reporter-output>
        </test-method> <!-- closeBrowser -->
      </class> <!-- TestCases.SignUpPageTest -->
      <class name="TestCases.LogoutTest">
        <test-method is-config="true" signature="openURL()[pri:0, instance:TestCases.LogoutTest@581d969c]" started-at="2024-04-25T23:40:48 IST" name="openURL" finished-at="2024-04-25T23:40:49 IST" duration-ms="844" status="PASS">
          <reporter-output>
          </reporter-output>
        </test-method> <!-- openURL -->
        <test-method signature="verifyUserLogout()[pri:1, instance:TestCases.LogoutTest@581d969c]" started-at="2024-04-25T23:40:49 IST" name="verifyUserLogout" finished-at="2024-04-25T23:41:04 IST" duration-ms="14995" status="PASS">
          <reporter-output>
          </reporter-output>
        </test-method> <!-- verifyUserLogout -->
        <test-method is-config="true" signature="closeBrowser()[pri:0, instance:TestCases.LogoutTest@581d969c]" started-at="2024-04-25T23:41:04 IST" name="closeBrowser" finished-at="2024-04-25T23:41:04 IST" duration-ms="293" status="PASS">
          <reporter-output>
          </reporter-output>
        </test-method> <!-- closeBrowser -->
      </class> <!-- TestCases.LogoutTest -->
    </test> <!-- Test -->
  </suite> <!-- Suite -->
</testng-results>
