<?xml version="1.0" encoding="UTF-8"?>
<!-- Generated by org.testng.reporters.JUnitXMLReporter -->
<testsuite ignored="0" hostname="INPUNSHAGANDHI" failures="0" tests="6" name="Test" time="40.401" errors="0" timestamp="2024-04-30T14:40:14 IST">
  <testcase classname="TestCases.LoginPageTest" name="verifySignUpLoginLink" time="3.107"/>
  <testcase classname="TestCases.LoginPageTest" name="verifyLoginButton" time="5.231"/>
  <testcase classname="TestCases.LoginPageTest" name="verifyLogin" time="5.761"/>
  <testcase classname="TestCases.LogoutTest" name="verifyUserLogout" time="14.79"/>
  <testcase classname="TestCases.SignUpPageTest" name="verifyButtonPresent" time="3.215"/>
  <testcase classname="TestCases.SignUpPageTest" name="verifySignUp" time="5.555"/>
</testsuite> <!-- Test -->
