<?xml version="1.0" encoding="UTF-8"?>
<!-- Generated by org.testng.reporters.JUnitXMLReporter -->
<testsuite ignored="0" hostname="INPUNAKBHATT" failures="0" tests="6" name="Test" time="39.942" errors="0" timestamp="2024-04-23T17:42:42 IST">
  <testcase classname="TestCases.SignUpPageTest" name="verifyButtonPresent" time="3.311"/>
  <testcase classname="TestCases.SignUpPageTest" name="verifySignUp" time="5.807"/>
  <testcase classname="TestCases.LoginPageTest" name="verifySignUpLoginLink" time="3.047"/>
  <testcase classname="TestCases.LoginPageTest" name="verifyLoginButton" time="5.154"/>
  <testcase classname="TestCases.LoginPageTest" name="verifyLogin" time="5.289"/>
  <testcase classname="TestCases.LogoutTest" name="verifyUserLogout" time="14.875"/>
</testsuite> <!-- Test -->
