<?xml version="1.0" encoding="UTF-8"?>
<!-- Generated by org.testng.reporters.JUnitXMLReporter -->
<testsuite ignored="0" hostname="INKOLSOUMBANERJ" failures="0" tests="6" name="Test" time="51.74" errors="0" timestamp="2024-04-25T23:41:04 IST">
  <testcase classname="TestCases.SignUpPageTest" name="verifyButtonPresent" time="4.251"/>
  <testcase classname="TestCases.SignUpPageTest" name="verifySignUp" time="7.424"/>
  <testcase classname="TestCases.LoginPageTest" name="verifySignUpLoginLink" time="3.093"/>
  <testcase classname="TestCases.LoginPageTest" name="verifyLoginButton" time="5.314"/>
  <testcase classname="TestCases.LoginPageTest" name="verifyLogin" time="5.574"/>
  <testcase classname="TestCases.LogoutTest" name="verifyUserLogout" time="14.995"/>
</testsuite> <!-- Test -->
