<?xml version="1.0" encoding="UTF-8"?>
<testng-results ignored="0" total="6" passed="6" failed="0" skipped="0">
  <reporter-output>
  </reporter-output>
  <suite started-at="2024-04-23T17:42:02 IST" name="Suite" finished-at="2024-04-23T17:42:42 IST" duration-ms="39942">
    <groups>
    </groups>
    <test started-at="2024-04-23T17:42:02 IST" name="Test" finished-at="2024-04-23T17:42:42 IST" duration-ms="39942">
      <class name="TestCases.LoginPageTest">
        <test-method is-config="true" signature="openURL()[pri:0, instance:TestCases.LoginPageTest@45cff11c]" started-at="2024-04-23T17:42:12 IST" name="openURL" finished-at="2024-04-23T17:42:12 IST" duration-ms="618" status="PASS">
          <reporter-output>
          </reporter-output>
        </test-method> <!-- openURL -->
        <test-method signature="verifySignUpLoginLink()[pri:1, instance:TestCases.LoginPageTest@45cff11c]" started-at="2024-04-23T17:42:12 IST" name="verifySignUpLoginLink" finished-at="2024-04-23T17:42:15 IST" duration-ms="3047" status="PASS">
          <reporter-output>
          </reporter-output>
        </test-method> <!-- verifySignUpLoginLink -->
        <test-method signature="verifyLoginButton()[pri:2, instance:TestCases.LoginPageTest@45cff11c]" started-at="2024-04-23T17:42:15 IST" name="verifyLoginButton" finished-at="2024-04-23T17:42:21 IST" duration-ms="5154" status="PASS">
          <reporter-output>
          </reporter-output>
        </test-method> <!-- verifyLoginButton -->
        <test-method signature="verifyLogin()[pri:3, instance:TestCases.LoginPageTest@45cff11c]" started-at="2024-04-23T17:42:21 IST" name="verifyLogin" finished-at="2024-04-23T17:42:26 IST" duration-ms="5289" status="PASS">
          <reporter-output>
          </reporter-output>
        </test-method> <!-- verifyLogin -->
        <test-method is-config="true" signature="closeBrowser()[pri:0, instance:TestCases.LoginPageTest@45cff11c]" started-at="2024-04-23T17:42:26 IST" name="closeBrowser" finished-at="2024-04-23T17:42:26 IST" duration-ms="296" status="PASS">
          <reporter-output>
          </reporter-output>
        </test-method> <!-- closeBrowser -->
      </class> <!-- TestCases.LoginPageTest -->
      <class name="TestCases.SignUpPageTest">
        <test-method is-config="true" signature="openURL()[pri:0, instance:TestCases.SignUpPageTest@3a0d172f]" started-at="2024-04-23T17:42:02 IST" name="openURL" finished-at="2024-04-23T17:42:02 IST" duration-ms="538" status="PASS">
          <reporter-output>
          </reporter-output>
        </test-method> <!-- openURL -->
        <test-method signature="verifyButtonPresent()[pri:1, instance:TestCases.SignUpPageTest@3a0d172f]" started-at="2024-04-23T17:42:02 IST" name="verifyButtonPresent" finished-at="2024-04-23T17:42:06 IST" duration-ms="3311" status="PASS">
          <reporter-output>
          </reporter-output>
        </test-method> <!-- verifyButtonPresent -->
        <test-method signature="verifySignUp()[pri:2, instance:TestCases.SignUpPageTest@3a0d172f]" started-at="2024-04-23T17:42:06 IST" name="verifySignUp" finished-at="2024-04-23T17:42:11 IST" duration-ms="5807" status="PASS">
          <reporter-output>
          </reporter-output>
        </test-method> <!-- verifySignUp -->
        <test-method is-config="true" signature="closeBrowser()[pri:0, instance:TestCases.SignUpPageTest@3a0d172f]" started-at="2024-04-23T17:42:11 IST" name="closeBrowser" finished-at="2024-04-23T17:42:12 IST" duration-ms="325" status="PASS">
          <reporter-output>
          </reporter-output>
        </test-method> <!-- closeBrowser -->
      </class> <!-- TestCases.SignUpPageTest -->
      <class name="TestCases.LogoutTest">
        <test-method is-config="true" signature="openURL()[pri:0, instance:TestCases.LogoutTest@427b5f92]" started-at="2024-04-23T17:42:26 IST" name="openURL" finished-at="2024-04-23T17:42:27 IST" duration-ms="454" status="PASS">
          <reporter-output>
          </reporter-output>
        </test-method> <!-- openURL -->
        <test-method signature="verifyUserLogout()[pri:1, instance:TestCases.LogoutTest@427b5f92]" started-at="2024-04-23T17:42:27 IST" name="verifyUserLogout" finished-at="2024-04-23T17:42:41 IST" duration-ms="14875" status="PASS">
          <reporter-output>
          </reporter-output>
        </test-method> <!-- verifyUserLogout -->
        <test-method is-config="true" signature="closeBrowser()[pri:0, instance:TestCases.LogoutTest@427b5f92]" started-at="2024-04-23T17:42:42 IST" name="closeBrowser" finished-at="2024-04-23T17:42:42 IST" duration-ms="163" status="PASS">
          <reporter-output>
          </reporter-output>
        </test-method> <!-- closeBrowser -->
      </class> <!-- TestCases.LogoutTest -->
    </test> <!-- Test -->
  </suite> <!-- Suite -->
</testng-results>
