<?xml version="1.0" encoding="UTF-8"?>
<testng-results ignored="0" total="6" passed="6" failed="0" skipped="0">
  <reporter-output>
  </reporter-output>
  <suite started-at="2024-04-30T14:39:33 IST" name="Suite" finished-at="2024-04-30T14:40:14 IST" duration-ms="40401">
    <groups>
      <group name="logout">
        <method signature="LogoutTest.verifyUserLogout()[pri:1, instance:TestCases.LogoutTest@3f1c5af9]" name="verifyUserLogout" class="TestCases.LogoutTest"/>
      </group> <!-- logout -->
      <group name="login">
        <method signature="LoginPageTest.verifySignUpLoginLink()[pri:1, instance:TestCases.LoginPageTest@19fb8826]" name="verifySignUpLoginLink" class="TestCases.LoginPageTest"/>
        <method signature="LogoutTest.verifyUserLogout()[pri:1, instance:TestCases.LogoutTest@3f1c5af9]" name="verifyUserLogout" class="TestCases.LogoutTest"/>
        <method signature="LoginPageTest.verifyLoginButton()[pri:2, instance:TestCases.LoginPageTest@19fb8826]" name="verifyLoginButton" class="TestCases.LoginPageTest"/>
        <method signature="LoginPageTest.verifyLogin()[pri:3, instance:TestCases.LoginPageTest@19fb8826]" name="verifyLogin" class="TestCases.LoginPageTest"/>
      </group> <!-- login -->
      <group name="signup">
        <method signature="SignUpPageTest.verifyButtonPresent()[pri:1, instance:TestCases.SignUpPageTest@2f058b8a]" name="verifyButtonPresent" class="TestCases.SignUpPageTest"/>
        <method signature="SignUpPageTest.verifySignUp()[pri:2, instance:TestCases.SignUpPageTest@2f058b8a]" name="verifySignUp" class="TestCases.SignUpPageTest"/>
      </group> <!-- signup -->
    </groups>
    <test started-at="2024-04-30T14:39:33 IST" name="Test" finished-at="2024-04-30T14:40:14 IST" duration-ms="40401">
      <class name="TestCases.LoginPageTest">
        <test-method is-config="true" signature="openURL()[pri:0, instance:TestCases.LoginPageTest@19fb8826]" started-at="2024-04-30T14:39:33 IST" name="openURL" finished-at="2024-04-30T14:39:34 IST" duration-ms="577" status="PASS">
          <reporter-output>
          </reporter-output>
        </test-method> <!-- openURL -->
        <test-method signature="verifySignUpLoginLink()[pri:1, instance:TestCases.LoginPageTest@19fb8826]" started-at="2024-04-30T14:39:34 IST" name="verifySignUpLoginLink" finished-at="2024-04-30T14:39:37 IST" duration-ms="3107" status="PASS">
          <reporter-output>
          </reporter-output>
        </test-method> <!-- verifySignUpLoginLink -->
        <test-method signature="verifyLoginButton()[pri:2, instance:TestCases.LoginPageTest@19fb8826]" started-at="2024-04-30T14:39:37 IST" name="verifyLoginButton" finished-at="2024-04-30T14:39:42 IST" duration-ms="5231" status="PASS">
          <reporter-output>
          </reporter-output>
        </test-method> <!-- verifyLoginButton -->
        <test-method signature="verifyLogin()[pri:3, instance:TestCases.LoginPageTest@19fb8826]" started-at="2024-04-30T14:39:42 IST" name="verifyLogin" finished-at="2024-04-30T14:39:48 IST" duration-ms="5761" status="PASS">
          <reporter-output>
          </reporter-output>
        </test-method> <!-- verifyLogin -->
        <test-method is-config="true" signature="closeBrowser()[pri:0, instance:TestCases.LoginPageTest@19fb8826]" started-at="2024-04-30T14:39:48 IST" name="closeBrowser" finished-at="2024-04-30T14:39:49 IST" duration-ms="582" status="PASS">
          <reporter-output>
          </reporter-output>
        </test-method> <!-- closeBrowser -->
      </class> <!-- TestCases.LoginPageTest -->
      <class name="TestCases.SignUpPageTest">
        <test-method is-config="true" signature="openURL()[pri:0, instance:TestCases.SignUpPageTest@2f058b8a]" started-at="2024-04-30T14:40:04 IST" name="openURL" finished-at="2024-04-30T14:40:05 IST" duration-ms="426" status="PASS">
          <reporter-output>
          </reporter-output>
        </test-method> <!-- openURL -->
        <test-method signature="verifyButtonPresent()[pri:1, instance:TestCases.SignUpPageTest@2f058b8a]" started-at="2024-04-30T14:40:05 IST" name="verifyButtonPresent" finished-at="2024-04-30T14:40:08 IST" duration-ms="3215" status="PASS">
          <reporter-output>
          </reporter-output>
        </test-method> <!-- verifyButtonPresent -->
        <test-method signature="verifySignUp()[pri:2, instance:TestCases.SignUpPageTest@2f058b8a]" started-at="2024-04-30T14:40:08 IST" name="verifySignUp" finished-at="2024-04-30T14:40:13 IST" duration-ms="5555" status="PASS">
          <reporter-output>
          </reporter-output>
        </test-method> <!-- verifySignUp -->
        <test-method is-config="true" signature="closeBrowser()[pri:0, instance:TestCases.SignUpPageTest@2f058b8a]" started-at="2024-04-30T14:40:13 IST" name="closeBrowser" finished-at="2024-04-30T14:40:14 IST" duration-ms="273" status="PASS">
          <reporter-output>
          </reporter-output>
        </test-method> <!-- closeBrowser -->
      </class> <!-- TestCases.SignUpPageTest -->
      <class name="TestCases.LogoutTest">
        <test-method is-config="true" signature="openURL()[pri:0, instance:TestCases.LogoutTest@3f1c5af9]" started-at="2024-04-30T14:39:49 IST" name="openURL" finished-at="2024-04-30T14:39:49 IST" duration-ms="500" status="PASS">
          <reporter-output>
          </reporter-output>
        </test-method> <!-- openURL -->
        <test-method signature="verifyUserLogout()[pri:1, instance:TestCases.LogoutTest@3f1c5af9]" started-at="2024-04-30T14:39:49 IST" name="verifyUserLogout" finished-at="2024-04-30T14:40:04 IST" duration-ms="14790" status="PASS">
          <reporter-output>
          </reporter-output>
        </test-method> <!-- verifyUserLogout -->
        <test-method is-config="true" signature="closeBrowser()[pri:0, instance:TestCases.LogoutTest@3f1c5af9]" started-at="2024-04-30T14:40:04 IST" name="closeBrowser" finished-at="2024-04-30T14:40:04 IST" duration-ms="254" status="PASS">
          <reporter-output>
          </reporter-output>
        </test-method> <!-- closeBrowser -->
      </class> <!-- TestCases.LogoutTest -->
    </test> <!-- Test -->
  </suite> <!-- Suite -->
</testng-results>
